2014-02-25 20:36:29,393 INFO  [main] LogSystem: Logging configured by "C:\Users\Public\Projects\AHDTAC-Java\OpenSeaMap ChartBundler\log4j.xml"
2014-02-25 20:36:29,409 INFO  [main] SysInfo: Version: OpenSeaMap ChartBundler (OSMCB) 0.0.10
2014-02-25 20:36:29,409 INFO  [main] SysInfo: Platform: Windows 7 (6.1)
2014-02-25 20:36:29,409 INFO  [main] SysInfo: Java VM: Java HotSpot(TM) 64-Bit Server VM (1.7.0_45-b18)
2014-02-25 20:36:29,409 INFO  [main] SysInfo: Directories:
currentDir: 		C:\Users\Public\Projects\AHDTAC-Java\OpenSeaMap ChartBundler
programDir: 		C:\Users\Public\Projects\AHDTAC-Java\OpenSeaMap ChartBundler
tempDir:     		C:\Users\humbach\AppData\Local\Temp
userHomeDir: 		C:\Users\humbach
userSettingsDir: 	C:\Users\Public\Projects\AHDTAC-Java\OpenSeaMap ChartBundler
atlasProfilesDir: 	C:\Users\Public\Projects\AHDTAC-Java\OpenSeaMap ChartBundler
userAppDataDir: 	C:\Users\humbach\AppData\Roaming\OpenSeaMap ChartBundler
2014-02-25 20:36:29,409 INFO  [main] SysInfo: System console available: false
2014-02-25 20:36:29,409 INFO  [main] SysInfo: Startup arguments (count=0):
2014-02-25 20:36:29,885 INFO  [main] Settings: Applying proxy configuration: host= port=
2014-02-25 20:36:29,885 INFO  [main] EnvironmentSetup: Total available memory to OSMCB: 1806.50 MiB
2014-02-25 20:36:30,019 TRACE [main] MapPackManager: Custom map source loaded: AH OSM DE from file "AH OSM-01 DE.xml"
2014-02-25 20:36:30,019 TRACE [main] MapPackManager: Custom map source loaded: Custom OSM Mapnik from file "Custom OSM Mapnik.xml"
2014-02-25 20:36:30,019 TRACE [main] MapPackManager: Custom map source loaded: AH OpenSeaMap - Mapnik from file "OpenSeaMap DE.xml"
2014-02-25 20:36:30,019 DEBUG [main] BerkeleyDbTileStore: Tile store path: C:\Users\Public\Documents\OSMCB Tiles
2014-02-25 20:36:30,050 DEBUG [AWT-EventQueue-0] MAC: Starting GUI
2014-02-25 20:36:30,066 INFO  [AWT-EventQueue-0] JMapViewer: Map layer changed to: AH OSM DE
2014-02-25 20:36:30,458 DEBUG [AWT-EventQueue-0] JAtlasTree: Loading profile 
2014-02-25 20:36:32,966 INFO  [AWT-EventQueue-0] JMapViewer: Map layer changed to: AH OpenSeaMap - Mapnik
2014-02-25 20:36:33,102 DEBUG [AWT-EventQueue-0] MainGUI: Selected grid zoom combo box item has changed: 16
2014-02-25 20:36:34,956 DEBUG [DBShutdown] BerkeleyDbTileStore: Closing all tile databases...
2014-02-25 20:36:34,956 DEBUG [DBShutdown] BerkeleyDbTileStore: All tile databases has been closed
